<?xml version="1.0" encoding="UTF-8"?>
<testsuite xmlns:xsi="http://www.w3.org/2001/XMLSchema-instance" xsi:noNamespaceSchemaLocation="https://maven.apache.org/surefire/maven-surefire-plugin/xsd/surefire-test-report-3.0.xsd" version="3.0" name="com.teya.bankingsystem.BankingSystemControllerTest" time="5.31" tests="5" errors="0" skipped="0" failures="0">
  <properties>
[...]
</properties>
  <testcase name="createAccount_badCurrency" classname="com.teya.bankingsystem.BankingSystemControllerTest" time="0.525">
    <system-out><![CDATA[19:38:05.858 [main] INFO org.springframework.test.context.support.AnnotationConfigContextLoaderUtils -- Could not detect default configuration classes for test class [com.teya.bankingsystem.BankingSystemControllerTest]: BankingSystemControllerTest does not declare any static, non-private, non-final, nested classes annotated with @Configuration.
19:38:06.002 [main] INFO org.springframework.boot.test.context.SpringBootTestContextBootstrapper -- Found @SpringBootConfiguration com.teya.bankingsystem.BankingSystemApplication for test class com.teya.bankingsystem.BankingSystemControllerTest

  .   ____          _            __ _ _
 /\\ / ___'_ __ _ _(_)_ __  __ _ \ \ \ \
( ( )\___ | '_ | '_| | '_ \/ _` | \ \ \ \
 \\/  ___)| |_)| | | | | || (_| |  ) ) ) )
  '  |____| .__|_| |_|_| |_\__, | / / / /
 =========|_|==============|___/=/_/_/_/

 :: Spring Boot ::                (v3.3.3)

2025-09-04T19:38:06.454+03:00  INFO 18336 --- [           main] c.t.b.BankingSystemControllerTest        : Starting BankingSystemControllerTest using Java 21.0.4 with PID 18336 (started by STAJYER in C:\Users\STAJYER\Desktop\riga-live-coding)
2025-09-04T19:38:06.455+03:00  INFO 18336 --- [           main] c.t.b.BankingSystemControllerTest        : No active profile set, falling back to 1 default profile: "default"
2025-09-04T19:38:06.904+03:00  INFO 18336 --- [           main] .s.d.r.c.RepositoryConfigurationDelegate : Bootstrapping Spring Data JPA repositories in DEFAULT mode.
2025-09-04T19:38:06.944+03:00  INFO 18336 --- [           main] .s.d.r.c.RepositoryConfigurationDelegate : Finished Spring Data repository scanning in 29 ms. Found 1 JPA repository interface.
2025-09-04T19:38:07.647+03:00  INFO 18336 --- [           main] o.s.b.w.embedded.tomcat.TomcatWebServer  : Tomcat initialized with port 0 (http)
2025-09-04T19:38:07.661+03:00  INFO 18336 --- [           main] o.apache.catalina.core.StandardService   : Starting service [Tomcat]
2025-09-04T19:38:07.661+03:00  INFO 18336 --- [           main] o.apache.catalina.core.StandardEngine    : Starting Servlet engine: [Apache Tomcat/10.1.28]
2025-09-04T19:38:07.723+03:00  INFO 18336 --- [           main] o.a.c.c.C.[Tomcat].[localhost].[/]       : Initializing Spring embedded WebApplicationContext
2025-09-04T19:38:07.724+03:00  INFO 18336 --- [           main] w.s.c.ServletWebServerApplicationContext : Root WebApplicationContext: initialization completed in 1253 ms
2025-09-04T19:38:07.943+03:00  INFO 18336 --- [           main] o.hibernate.jpa.internal.util.LogHelper  : HHH000204: Processing PersistenceUnitInfo [name: default]
2025-09-04T19:38:08.026+03:00  INFO 18336 --- [           main] org.hibernate.Version                    : HHH000412: Hibernate ORM core version 6.5.2.Final
2025-09-04T19:38:08.058+03:00  INFO 18336 --- [           main] o.h.c.internal.RegionFactoryInitiator    : HHH000026: Second-level cache disabled
2025-09-04T19:38:08.404+03:00  INFO 18336 --- [           main] o.s.o.j.p.SpringPersistenceUnitInfo      : No LoadTimeWeaver setup: ignoring JPA class transformer
2025-09-04T19:38:08.428+03:00  INFO 18336 --- [           main] com.zaxxer.hikari.HikariDataSource       : HikariPool-1 - Starting...
2025-09-04T19:38:08.568+03:00  INFO 18336 --- [           main] com.zaxxer.hikari.pool.HikariPool        : HikariPool-1 - Added connection conn0: url=jdbc:h2:mem:testdb user=SA
2025-09-04T19:38:08.569+03:00  INFO 18336 --- [           main] com.zaxxer.hikari.HikariDataSource       : HikariPool-1 - Start completed.
2025-09-04T19:38:08.590+03:00  WARN 18336 --- [           main] org.hibernate.orm.deprecation            : HHH90000025: H2Dialect does not need to be specified explicitly using 'hibernate.dialect' (remove the property setting and it will be selected by default)
2025-09-04T19:38:09.259+03:00  INFO 18336 --- [           main] o.h.e.t.j.p.i.JtaPlatformInitiator       : HHH000489: No JTA platform available (set 'hibernate.transaction.jta.platform' to enable JTA platform integration)
2025-09-04T19:38:09.289+03:00  INFO 18336 --- [           main] j.LocalContainerEntityManagerFactoryBean : Initialized JPA EntityManagerFactory for persistence unit 'default'
2025-09-04T19:38:09.703+03:00  WARN 18336 --- [           main] JpaBaseConfiguration$JpaWebConfiguration : spring.jpa.open-in-view is enabled by default. Therefore, database queries may be performed during view rendering. Explicitly configure spring.jpa.open-in-view to disable this warning
2025-09-04T19:38:10.184+03:00  INFO 18336 --- [           main] o.a.c.c.C.[Tomcat].[localhost].[/]       : Initializing Spring TestDispatcherServlet ''
2025-09-04T19:38:10.184+03:00  INFO 18336 --- [           main] o.s.t.web.servlet.TestDispatcherServlet  : Initializing Servlet ''
2025-09-04T19:38:10.185+03:00  INFO 18336 --- [           main] o.s.t.web.servlet.TestDispatcherServlet  : Completed initialization in 1 ms
2025-09-04T19:38:10.245+03:00  INFO 18336 --- [           main] o.s.b.w.embedded.tomcat.TomcatWebServer  : Tomcat started on port 56211 (http) with context path '/'
2025-09-04T19:38:10.253+03:00  INFO 18336 --- [           main] c.t.b.BankingSystemControllerTest        : Started BankingSystemControllerTest in 4.106 seconds (process running for 5.163)
]]></system-out>
    <system-err><![CDATA[WARNING: A Java agent has been loaded dynamically (C:\Users\STAJYER\.m2\repository\net\bytebuddy\byte-buddy-agent\1.14.19\byte-buddy-agent-1.14.19.jar)
WARNING: If a serviceability tool is in use, please run with -XX:+EnableDynamicAgentLoading to hide this warning
WARNING: If a serviceability tool is not in use, please run with -Djdk.instrument.traceUsage for more information
WARNING: Dynamic loading of agents will be disallowed by default in a future release
]]></system-err>
  </testcase>
  <testcase name="getAccount" classname="com.teya.bankingsystem.BankingSystemControllerTest" time="0.132"/>
  <testcase name="incomingTransaction" classname="com.teya.bankingsystem.BankingSystemControllerTest" time="0.053">
    <system-out><![CDATA[2025-09-04T19:38:10.937+03:00  INFO 18336 --- [           main] c.t.b.BankingSystemController            : Account updated: Account(id=a05b41aa-8984-4bc4-98a4-e4a495a69592, currency=EUR, balance=112.34)
]]></system-out>
  </testcase>
  <testcase name="createAccount_success" classname="com.teya.bankingsystem.BankingSystemControllerTest" time="0.006">
    <system-out><![CDATA[2025-09-04T19:38:10.978+03:00  INFO 18336 --- [           main] c.t.b.BankingSystemController            : New account created: Account(id=f5c4e4a7-2330-4d67-8b6a-ca0f2824383c, currency=GBP, balance=100.0)
]]></system-out>
  </testcase>
  <testcase name="outgoingTransaction" classname="com.teya.bankingsystem.BankingSystemControllerTest" time="0.009">
    <system-out><![CDATA[2025-09-04T19:38:10.987+03:00  INFO 18336 --- [           main] c.t.b.BankingSystemController            : Account updated: Account(id=df8e5c13-5c3c-4ba9-a079-b165e06617e1, currency=EUR, balance=87.66)
]]></system-out>
  </testcase>
</testsuite>